INFO 2023-10-28 21:23:38,459 basehttp 24412 12104 "GET / HTTP/1.1" 200 16348
INFO 2023-10-28 21:23:38,475 basehttp 24412 19524 "GET /static/admin/css/fonts.css HTTP/1.1" 304 0
INFO 2023-10-28 21:23:38,743 basehttp 24412 23688 "GET /static/admin/fonts/Roboto-Regular-webfont.woff HTTP/1.1" 304 0
INFO 2023-10-28 21:23:38,743 basehttp 24412 23848 "GET /static/admin/fonts/Roboto-Bold-webfont.woff HTTP/1.1" 304 0
INFO 2023-10-28 21:23:38,743 basehttp 24412 5776 "GET /static/admin/fonts/Roboto-Light-webfont.woff HTTP/1.1" 304 0
INFO 2023-10-28 21:24:45,227 basehttp 17072 12436 "GET / HTTP/1.1" 200 16348
INFO 2023-10-28 22:07:15,729 basehttp 18736 17284 "GET / HTTP/1.1" 200 16348
INFO 2023-10-28 22:07:15,740 basehttp 18736 1412 "GET /static/admin/css/fonts.css HTTP/1.1" 304 0
INFO 2023-10-28 22:07:16,002 basehttp 18736 16468 "GET /static/admin/fonts/Roboto-Bold-webfont.woff HTTP/1.1" 304 0
INFO 2023-10-28 22:07:16,002 basehttp 18736 19048 "GET /static/admin/fonts/Roboto-Light-webfont.woff HTTP/1.1" 304 0
INFO 2023-10-28 22:07:16,002 basehttp 18736 20780 "GET /static/admin/fonts/Roboto-Regular-webfont.woff HTTP/1.1" 304 0
INFO 2023-10-29 23:14:58,278 basehttp 17652 24004 "GET / HTTP/1.1" 200 16348
INFO 2023-10-29 23:14:58,313 basehttp 17652 12672 "GET /static/admin/css/fonts.css HTTP/1.1" 304 0
INFO 2023-10-29 23:14:58,654 basehttp 17652 7488 "GET /static/admin/fonts/Roboto-Regular-webfont.woff HTTP/1.1" 304 0
INFO 2023-10-29 23:14:58,654 basehttp 17652 1692 "GET /static/admin/fonts/Roboto-Bold-webfont.woff HTTP/1.1" 304 0
INFO 2023-10-29 23:14:58,654 basehttp 17652 23892 "GET /static/admin/fonts/Roboto-Light-webfont.woff HTTP/1.1" 304 0
WARNING 2023-10-29 23:14:59,088 log 17652 2456 Not Found: /favicon.ico
WARNING 2023-10-29 23:14:59,089 basehttp 17652 2456 "GET /favicon.ico HTTP/1.1" 404 1974
INFO 2023-10-29 23:44:00,605 basehttp 11876 12636 "GET / HTTP/1.1" 200 16348
INFO 2023-10-29 23:44:00,881 basehttp 11876 25964 "GET /static/admin/css/fonts.css HTTP/1.1" 200 423
INFO 2023-10-29 23:44:01,022 basehttp 11876 18516 "GET /static/admin/fonts/Roboto-Light-webfont.woff HTTP/1.1" 200 81348
INFO 2023-10-29 23:44:01,022 basehttp 11876 11820 "GET /static/admin/fonts/Roboto-Regular-webfont.woff HTTP/1.1" 200 80304
INFO 2023-10-29 23:44:01,022 basehttp 11876 23052 "GET /static/admin/fonts/Roboto-Bold-webfont.woff HTTP/1.1" 200 82564
WARNING 2023-10-29 23:44:01,521 log 11876 3824 Not Found: /favicon.ico
WARNING 2023-10-29 23:44:01,521 basehttp 11876 3824 "GET /favicon.ico HTTP/1.1" 404 1981
INFO 2023-10-29 23:45:46,125 basehttp 24920 11724 "GET / HTTP/1.1" 200 16348
INFO 2023-10-29 23:45:46,382 basehttp 24920 20212 "GET /static/admin/css/fonts.css HTTP/1.1" 200 423
INFO 2023-10-29 23:45:46,410 basehttp 24920 22928 "GET /static/admin/fonts/Roboto-Regular-webfont.woff HTTP/1.1" 200 80304
INFO 2023-10-29 23:45:46,412 basehttp 24920 3132 "GET /static/admin/fonts/Roboto-Light-webfont.woff HTTP/1.1" 200 81348
INFO 2023-10-29 23:45:46,412 basehttp 24920 16416 "GET /static/admin/fonts/Roboto-Bold-webfont.woff HTTP/1.1" 200 82564
WARNING 2023-10-29 23:45:46,472 log 24920 22804 Not Found: /favicon.ico
WARNING 2023-10-29 23:45:46,473 basehttp 24920 22804 "GET /favicon.ico HTTP/1.1" 404 1976
INFO 2023-10-29 23:45:54,503 basehttp 24920 12112 "GET / HTTP/1.1" 200 16348
